android-twa/app/build/outputs/mapping/release/seeds.txt
app.vercel.gym_tracker_dev_pedroqueblas.twa.DelegationService
app.vercel.gym_tracker_dev_pedroqueblas.twa.Application
app.vercel.gym_tracker_dev_pedroqueblas.twa.LauncherActivity
app.vercel.gym_tracker_dev_pedroqueblas.twa.DelegationService: DelegationService()
app.vercel.gym_tracker_dev_pedroqueblas.twa.LauncherActivity: LauncherActivity()
app.vercel.gym_tracker_dev_pedroqueblas.twa.Application: Application()
...
androidx.core.widget.ImageViewCompat$Api21Impl: android.content.res.ColorStateList getImageTintList(android.widget.ImageView)
androidx.vectordrawable.graphics.drawable.VectorDrawableCompat$VGroup: float getScaleY()
androidx.appcompat.view.menu.ActionMenuItemView: void setPopupCallback(androidx.appcompat.view.menu.ActionMenuItemView$PopupCallback)
androidx.core.view.ViewCompat$Api29Impl: void setSystemGestureExclusionRects(android.view.View,java.util.List)
androidx.core.view.accessibility.AccessibilityNodeInfoCompat$Api33Impl: java.lang.String getCollectionItemRowTitle(java.lang.Object)
androidx.core.view.WindowInsetsCompat$Impl21: WindowInsetsCompat$Impl21(androidx.core.view.WindowInsetsCompat,android.view.WindowInsets)
androidx.lifecycle.ReportFragment: ReportFragment()
androidx.core.view.ViewCompat$Api29Impl: java.util.List getSystemGestureExclusionRects(android.view.View)
androidx.core.view.WindowInsetsCompat$Impl: androidx.core.view.WindowInsetsCompat inset(int,int,int,int)
androidx.vectordrawable.graphics.drawable.VectorDrawableCompat$VGroup: float getTranslateX()
androidx.core.widget.NestedScrollView: void setOnScrollChangeListener(androidx.core.widget.NestedScrollView$OnScrollChangeListener)
androidx.profileinstaller.FileSectionType: androidx.profileinstaller.FileSectionType[] values()
androidx.appcompat.widget.Toolbar: int getCurrentContentInsetRight()
androidx.core.view.WindowInsetsCompat$Impl28: WindowInsetsCompat$Impl28(androidx.core.view.WindowInsetsCompat,android.view.WindowInsets)
androidx.vectordrawable.graphics.drawable.VectorDrawableCompat$VGroup: float getPivotY()
androidx.appcompat.widget.Toolbar: void setNavigationOnClickListener(android.view.View$OnClickListener)
androidx.core.os.BundleCompat$Api33Impl: java.io.Serializable getSerializable(android.os.Bundle,java.lang.String,java.lang.Class)
androidx.profileinstaller.ProfileInstallerInitializer: ProfileInstallerInitializer()
androidx.appcompat.widget.Toolbar: java.lang.CharSequence getLogoDescription()
androidx.core.view.MenuItemCompat$Api26Impl: android.view.MenuItem setNumericShortcut(android.view.MenuItem,char,int)
androidx.appcompat.widget.LinearLayoutCompat: void setVerticalGravity(int)
androidx.lifecycle.ReportFragment$LifecycleCallbacks: void onActivityPreDestroyed(android.app.Activity)
androidx.core.content.FileProvider$Api21Impl: java.io.File[] getExternalMediaDirs(android.content.Context)
androidx.vectordrawable.graphics.drawable.VectorDrawableCompat$VGroup: float getRotation()
androidx.appcompat.view.menu.ActionMenuItemView: void setIcon(android.graphics.drawable.Drawable)
androidx.appcompat.widget.Toolbar: void setOverflowIcon(android.graphics.drawable.Drawable)
androidx.lifecycle.EmptyActivityLifecycleCallbacks: void onActivityDestroyed(android.app.Activity)
androidx.appcompat.widget.AppCompatTextView: void setTextClassifier(android.view.textclassifier.TextClassifier)
com.google.androidbrowserhelper.trusted.NotificationPermissionRequestActivity: NotificationPermissionRequestActivity()
androidx.appcompat.widget.ActionBarContainer: void setVisibility(int)
androidx.core.app.ActivityCompat$Api23Impl: boolean shouldShowRequestPermissionRationale(android.app.Activity,java.lang.String)
androidx.vectordrawable.graphics.drawable.VectorDrawableCompat$VFullPath: int getFillColor()
androidx.appcompat.widget.ViewStubCompat: void setVisibility(int)
androidx.vectordrawable.graphics.drawable.VectorDrawableCompat$VPath: void setPathData(androidx.core.graphics.PathParser$PathDataNode[])
androidx.appcompat.widget.AppCompatTextView: void setLineHeight(int)
androidx.appcompat.view.menu.ListMenuItemView: void setCheckable(boolean)
androidx.core.view.ViewCompat$Api23Impl: void setScrollIndicators(android.view.View,int,int)
androidx.appcompat.widget.ActionMenuView: void setPopupTheme(int)
androidx.appcompat.widget.DropDownListView: void setListSelectionHidden(boolean)