android-twa/app/build/outputs/mapping/release/usage.txt
app.vercel.gym_tracker_dev_pedroqueblas.twa.R$bool
app.vercel.gym_tracker_dev_pedroqueblas.twa.R$color
app.vercel.gym_tracker_dev_pedroqueblas.twa.R$drawable
app.vercel.gym_tracker_dev_pedroqueblas.twa.R$integer
app.vercel.gym_tracker_dev_pedroqueblas.twa.R$mipmap
app.vercel.gym_tracker_dev_pedroqueblas.twa.R$raw
app.vercel.gym_tracker_dev_pedroqueblas.twa.R$string
app.vercel.gym_tracker_dev_pedroqueblas.twa.R$xml
app.vercel.gym_tracker_dev_pedroqueblas.twa.R
...
androidx.core.app.ActivityOptionsCompat$Api21Impl
androidx.core.app.ActivityOptionsCompat$Api23Impl
androidx.core.app.ActivityOptionsCompat$Api24Impl
androidx.core.app.ActivityOptionsCompat$Api34Impl
androidx.core.app.ActivityOptionsCompat
androidx.core.app.ActivityRecreator$1
androidx.core.app.ActivityRecreator$2
androidx.core.app.ActivityRecreator$3
androidx.core.app.ActivityRecreator$LifecycleCheckCallbacks
androidx.core.app.ActivityRecreator
androidx.core.app.AlarmManagerCompat$Api21Impl
androidx.core.app.AlarmManagerCompat$Api23Impl
androidx.core.app.AlarmManagerCompat$Api31Impl
androidx.core.app.AlarmManagerCompat
androidx.core.app.AppComponentFactory
androidx.core.app.AppLaunchChecker
androidx.core.app.AppLocalesStorageHelper
androidx.core.app.AppOpsManagerCompat$Api23Impl
androidx.core.app.AppOpsManagerCompat$Api29Impl
androidx.core.app.AppOpsManagerCompat
androidx.core.app.BundleCompat
androidx.core.app.ComponentActivity$ExtraData
androidx.core.app.ComponentActivity:
    private final androidx.collection.SimpleArrayMap extraDataMap
    private final androidx.lifecycle.LifecycleRegistry lifecycleRegistry
    public void <init>()
    public boolean dispatchKeyEvent(android.view.KeyEvent)
    public boolean dispatchKeyShortcutEvent(android.view.KeyEvent)
    public androidx.core.app.ComponentActivity$ExtraData getExtraData(java.lang.Class)
    private static synthetic void getExtraDataMap$annotations()
    public androidx.lifecycle.Lifecycle getLifecycle()
    private static synthetic void getLifecycleRegistry$annotations()
    protected void onCreate(android.os.Bundle)
    protected void onSaveInstanceState(android.os.Bundle)
    public void putExtraData(androidx.core.app.ComponentActivity$ExtraData)
    protected final boolean shouldDumpInternalState(java.lang.String[])
    private final boolean shouldSkipDump(java.lang.String[])
    public boolean superDispatchKeyEvent(android.view.KeyEvent)
androidx.core.app.DialogCompat$Api28Impl
androidx.core.app.DialogCompat
androidx.core.app.FrameMetricsAggregator$FrameMetricsApi24Impl$1
androidx.core.app.FrameMetricsAggregator$FrameMetricsApi24Impl
androidx.core.app.FrameMetricsAggregator$FrameMetricsBaseImpl
androidx.core.app.FrameMetricsAggregator$MetricType
androidx.core.app.FrameMetricsAggregator
androidx.core.app.GrammaticalInflectionManagerCompat$Api34Impl
androidx.core.app.GrammaticalInflectionManagerCompat$GrammaticalGender
androidx.core.app.GrammaticalInflectionManagerCompat
androidx.core.app.JobIntentService$CommandProcessor
androidx.core.app.JobIntentService$CompatJobEngine
androidx.core.app.JobIntentService$CompatWorkEnqueuer
androidx.core.app.JobIntentService$CompatWorkItem
androidx.core.app.JobIntentService$GenericWorkItem
androidx.core.app.JobIntentService$JobServiceEngineImpl$WrapperWorkItem
androidx.core.app.JobIntentService$JobServiceEngineImpl
androidx.core.app.JobIntentService$JobWorkEnqueuer
androidx.core.app.JobIntentService$WorkEnqueuer
androidx.core.app.JobIntentService
androidx.core.app.LocaleManagerCompat$Api21Impl
androidx.core.app.LocaleManagerCompat$Api24Impl
androidx.core.app.LocaleManagerCompat$Api33Impl
androidx.core.app.LocaleManagerCompat
androidx.core.app.MultiWindowModeChangedInfo
androidx.core.app.NavUtils
androidx.core.app.NotificationBuilderWithBuilderAccessor
androidx.core.app.NotificationChannelCompat$Api26Impl
androidx.core.app.NotificationChannelCompat$Api29Impl
androidx.core.app.NotificationChannelCompat$Api30Impl
androidx.core.app.NotificationChannelCompat$Builder
androidx.core.app.NotificationChannelCompat
androidx.core.app.NotificationChannelGroupCompat$Api26Impl
androidx.core.app.NotificationChannelGroupCompat$Api28Impl
androidx.core.app.NotificationChannelGroupCompat$Builder
androidx.core.app.NotificationChannelGroupCompat
androidx.core.app.NotificationCompat$1
androidx.core.app.NotificationCompat$Action$Builder$Api20Impl
androidx.core.app.NotificationCompat$Action$Builder$Api23Impl